Charm++: standalone mode (not using charmrun)
Charm++> Running in Multicore mode:  12 threads
Charm++> Using recursive bisection (scheme 3) for topology aware partitions
Converse/Charm++ Commit ID: v6.7.1-0-gbdf6a1b-namd-charm-6.7.1-build-2016-Nov-07-136676
CharmLB> Load balancer assumes all CPUs are same.
Charm++> Running on 1 unique compute nodes (32-way SMP).
Charm++> cpu topology info is gathered in 0.001 seconds.
Info: NAMD 2.12 for Linux-x86_64-multicore
Info: 
Info: Please visit http://www.ks.uiuc.edu/Research/namd/
Info: for updates, documentation, and support information.
Info: 
Info: Please cite Phillips et al., J. Comp. Chem. 26:1781-1802 (2005)
Info: in all publications reporting results obtained with NAMD.
Info: 
Info: Based on Charm++/Converse 60701 for multicore-linux64-iccstatic
Info: Built Wed Dec 21 11:36:52 CST 2016 by jim on harare.ks.uiuc.edu
Info: 1 NAMD  2.12  Linux-x86_64-multicore  12    hulk  cshin11
Info: Running on 12 processors, 1 nodes, 1 physical nodes.
Info: CPU topology information available.
Info: Charm++/Converse parallel runtime startup completed at 0.098592 s
CkLoopLib is used in SMP with a simple dynamic scheduling (converse-level notification) but not using node-level queue
Info: 836.59 MB of memory in use based on /proc/self/stat
Info: Configuration file is pair_int.conf
Info: Working in the current directory /home/cshin11/Desktop/1E9_8G5_MayoClinic/Minimization/1E9/Pose24_Cluster16
TCL: Suspending until startup complete.
Info: SIMULATION PARAMETERS:
Info: TIMESTEP               2
Info: NUMBER OF STEPS        0
Info: STEPS PER CYCLE        20
Info: LOAD BALANCER  Centralized
Info: LOAD BALANCING STRATEGY  New Load Balancers -- DEFAULT
Info: LDB PERIOD             4000 steps
Info: FIRST LDB TIMESTEP     100
Info: LAST LDB TIMESTEP     -1
Info: LDB BACKGROUND SCALING 1
Info: HOM BACKGROUND SCALING 1
Info: MIN ATOMS PER PATCH    40
Info: INITIAL TEMPERATURE    303.15
Info: CENTER OF MASS MOVING INITIALLY? NO
Info: DIELECTRIC             1
Info: EXCLUDE                SCALED ONE-FOUR
Info: 1-4 ELECTROSTATICS SCALED BY 1
Info: MODIFIED 1-4 VDW PARAMETERS WILL BE USED
Info: DCD FILENAME           pair_int.dcd
Info: DCD FREQUENCY          5000
Info: DCD FIRST STEP         5000
Info: DCD FILE WILL CONTAIN UNIT CELL DATA
Info: XST FILENAME           pair_int.xst
Info: XST FREQUENCY          5000
Info: NO VELOCITY DCD OUTPUT
Info: NO FORCE DCD OUTPUT
Info: OUTPUT FILENAME        pair_int
Info: BINARY OUTPUT FILES WILL BE USED
Info: RESTART FILENAME       pair_int.restart
Info: RESTART FREQUENCY      500
Info: BINARY RESTART FILES WILL BE USED
Info: SWITCHING ACTIVE
Info: VDW FORCE SWITCHING ACTIVE
Info: SWITCHING ON           10
Info: SWITCHING OFF          12
Info: PAIRLIST DISTANCE      16
Info: PAIRLIST SHRINK RATE   0.01
Info: PAIRLIST GROW RATE     0.01
Info: PAIRLIST TRIGGER       0.3
Info: PAIRLISTS PER CYCLE    2
Info: PAIRLISTS ENABLED
Info: MARGIN                 0
Info: HYDROGEN GROUP CUTOFF  2.5
Info: PATCH DIMENSION        18.5
Info: CROSSTERM ENERGY INCLUDED IN DIHEDRAL
Info: TIMING OUTPUT STEPS    1000
Info: PAIR INTERACTION CALCULATIONS ACTIVE
Info: USING FLAG 1 FOR GROUP 1
Info: USING FLAG 2 FOR GROUP 2
Info: LANGEVIN DYNAMICS ACTIVE
Info: LANGEVIN TEMPERATURE   303.15
Info: LANGEVIN USING BBK INTEGRATOR
Info: LANGEVIN DAMPING COEFFICIENT IS 1 INVERSE PS
Info: LANGEVIN DYNAMICS NOT APPLIED TO HYDROGENS
Info: VELOCITY REASSIGNMENT FREQ  500
Info: VELOCITY REASSIGNMENT TEMP  303.15
Info: USING VERLET I (r-RESPA) MTS SCHEME.
Info: C1 SPLITTING OF LONG RANGE ELECTROSTATICS
Info: PLACING ATOMS IN PATCHES BY HYDROGEN GROUPS
Info: RIGID BONDS TO HYDROGEN : ALL
Info:         ERROR TOLERANCE : 1e-08
Info:          MAX ITERATIONS : 100
Info: RIGID WATER USING SETTLE ALGORITHM
Info: RANDOM NUMBER SEED     1700007964
Info: USE HYDROGEN BONDS?    NO
Info: COORDINATE PDB         complex.pdb
Info: STRUCTURE FILE         complex.psf
Info: PARAMETER file: CHARMM format! 
Info: PARAMETERS             ../../Sim_Toppar_Directory/par_all36m_prot.prm
Info: PARAMETERS             ../../Sim_Toppar_Directory/par_all36_na.prm
Info: PARAMETERS             ../../Sim_Toppar_Directory/par_all36_carb.prm
Info: PARAMETERS             ../../Sim_Toppar_Directory/par_all36_lipid.prm
Info: PARAMETERS             ../../Sim_Toppar_Directory/par_all36_cgenff.prm
Info: PARAMETERS             ../../Sim_Toppar_Directory/par_interface.prm
Info: PARAMETERS             ../../Sim_Toppar_Directory/toppar_all36_moreions.str
Info: PARAMETERS             ../../Sim_Toppar_Directory/toppar_all36_nano_lig.str
Info: PARAMETERS             ../../Sim_Toppar_Directory/toppar_all36_nano_lig_patch.str
Info: PARAMETERS             ../../Sim_Toppar_Directory/toppar_all36_synthetic_polymer.str
Info: PARAMETERS             ../../Sim_Toppar_Directory/toppar_all36_synthetic_polymer_patch.str
Info: PARAMETERS             ../../Sim_Toppar_Directory/toppar_all36_polymer_solvent.str
Info: PARAMETERS             ../../Sim_Toppar_Directory/toppar_water_ions.str
Info: PARAMETERS             ../../Sim_Toppar_Directory/toppar_dum_noble_gases.str
Info: PARAMETERS             ../../Sim_Toppar_Directory/toppar_ions_won.str
Info: PARAMETERS             ../../Sim_Toppar_Directory/cam.str
Info: PARAMETERS             ../../Sim_Toppar_Directory/toppar_all36_prot_arg0.str
Info: PARAMETERS             ../../Sim_Toppar_Directory/toppar_all36_prot_c36m_d_aminoacids.str
Info: PARAMETERS             ../../Sim_Toppar_Directory/toppar_all36_prot_fluoro_alkanes.str
Info: PARAMETERS             ../../Sim_Toppar_Directory/toppar_all36_prot_heme.str
Info: PARAMETERS             ../../Sim_Toppar_Directory/toppar_all36_prot_na_combined.str
Info: PARAMETERS             ../../Sim_Toppar_Directory/toppar_all36_prot_retinol.str
Info: PARAMETERS             ../../Sim_Toppar_Directory/toppar_all36_prot_model.str
Info: PARAMETERS             ../../Sim_Toppar_Directory/toppar_all36_prot_modify_res.str
Info: PARAMETERS             ../../Sim_Toppar_Directory/toppar_all36_na_nad_ppi.str
Info: PARAMETERS             ../../Sim_Toppar_Directory/toppar_all36_na_rna_modified.str
Info: PARAMETERS             ../../Sim_Toppar_Directory/toppar_all36_lipid_sphingo.str
Info: PARAMETERS             ../../Sim_Toppar_Directory/toppar_all36_lipid_archaeal.str
Info: PARAMETERS             ../../Sim_Toppar_Directory/toppar_all36_lipid_bacterial.str
Info: PARAMETERS             ../../Sim_Toppar_Directory/toppar_all36_lipid_cardiolipin.str
Info: PARAMETERS             ../../Sim_Toppar_Directory/toppar_all36_lipid_cholesterol.str
Info: PARAMETERS             ../../Sim_Toppar_Directory/toppar_all36_lipid_dag.str
Info: PARAMETERS             ../../Sim_Toppar_Directory/toppar_all36_lipid_inositol.str
Info: PARAMETERS             ../../Sim_Toppar_Directory/toppar_all36_lipid_lnp.str
Info: PARAMETERS             ../../Sim_Toppar_Directory/toppar_all36_lipid_lps.str
Info: PARAMETERS             ../../Sim_Toppar_Directory/toppar_all36_lipid_mycobacterial.str
Info: PARAMETERS             ../../Sim_Toppar_Directory/toppar_all36_lipid_miscellaneous.str
Info: PARAMETERS             ../../Sim_Toppar_Directory/toppar_all36_lipid_model.str
Info: PARAMETERS             ../../Sim_Toppar_Directory/toppar_all36_lipid_prot.str
Info: PARAMETERS             ../../Sim_Toppar_Directory/toppar_all36_lipid_tag.str
Info: PARAMETERS             ../../Sim_Toppar_Directory/toppar_all36_lipid_yeast.str
Info: PARAMETERS             ../../Sim_Toppar_Directory/toppar_all36_lipid_hmmm.str
Info: PARAMETERS             ../../Sim_Toppar_Directory/toppar_all36_lipid_detergent.str
Info: PARAMETERS             ../../Sim_Toppar_Directory/toppar_all36_lipid_ether.str
Info: PARAMETERS             ../../Sim_Toppar_Directory/toppar_all36_carb_glycolipid.str
Info: PARAMETERS             ../../Sim_Toppar_Directory/toppar_all36_carb_glycopeptide.str
Info: PARAMETERS             ../../Sim_Toppar_Directory/toppar_all36_carb_imlab.str
Info: PARAMETERS             ../../Sim_Toppar_Directory/toppar_all36_label_spin.str
Info: PARAMETERS             ../../Sim_Toppar_Directory/toppar_all36_label_fluorophore.str
Info: USING ARITHMETIC MEAN TO COMBINE L-J SIGMA PARAMETERS
Info: BINARY COORDINATES     min.coor
Warning: SKIPPING PART OF PARAMETER FILE AFTER RETURN STATEMENT

Warning: DUPLICATE DIHEDRAL ENTRY FOR NHL-C-CTO1-HAL1
PREVIOUS VALUES MULTIPLICITY: 1
  k=0  n=1  delta=0
INCREASING MULTIPLICITY TO: 2
  k=0  n=3  delta=0

Warning: DUPLICATE DIHEDRAL ENTRY FOR O-C-CTO1-HAL1
PREVIOUS VALUES MULTIPLICITY: 1
  k=0  n=1  delta=0
INCREASING MULTIPLICITY TO: 2
  k=0  n=2  delta=180
Warning: SKIPPING PART OF PARAMETER FILE AFTER RETURN STATEMENT

Warning: DUPLICATE DIHEDRAL ENTRY FOR CTL2-CG2O5-CTL1-CTL3
PREVIOUS VALUES MULTIPLICITY: 2
  k=0.75  n=1  delta=0
  k=0.18  n=2  delta=180
INCREASING MULTIPLICITY TO: 3
  k=0.065  n=3  delta=0
Info: SUMMARY OF PARAMETERS:
Info: 1978 BONDS
Info: 6693 ANGLES
Info: 19794 DIHEDRAL
Info: 428 IMPROPER
Info: 28 CROSSTERM
Info: 751 VDW
Info: 122 VDW_PAIRS
Info: 0 NBTHOLE_PAIRS
Info: TIME FOR READING PSF FILE: 7.73717
Info: Reading pdb file complex.pdb
Info: TIME FOR READING PDB FILE: 0.0352919
Info: 
Info: To read pairInteractiondata from file: ../../pair_interaction/1E9.pdb
Info: To read pairInteractionflag data from column: 5
Info: ****************************
Info: STRUCTURE SUMMARY:
Info: 22678 ATOMS
Info: 23023 BONDS
Info: 41463 ANGLES
Info: 61161 DIHEDRALS
Info: 3919 IMPROPERS
Info: 1459 CROSSTERMS
Info: 0 EXCLUSIONS
Info: 11102 RIGID BONDS
Info: PAIR INTERACTION GROUP 1 CONTAINS 19158 ATOMS
Info: PAIR INTERACTION GROUP 2 CONTAINS 3520 ATOMS
Info: 56932 DEGREES OF FREEDOM
Info: 11576 HYDROGEN GROUPS
Info: 4 ATOMS IN LARGEST HYDROGEN GROUP
Info: 11576 MIGRATION GROUPS
Info: 4 ATOMS IN LARGEST MIGRATION GROUP
Info: TOTAL MASS = 164276 amu
Info: TOTAL CHARGE = -26 e
Info: *****************************
Info: Reading from binary file min.coor
Info: 
Info: Entering startup at 9.30993 s, 961.723 MB of memory in use
Info: Startup phase 0 took 0.000190973 s, 961.723 MB of memory in use
Info: ADDED 0 IMPLICIT EXCLUSIONS
Info: Startup phase 1 took 0.0487909 s, 971.793 MB of memory in use
Info: NONBONDED TABLE R-SQUARED SPACING: 0.0625
Info: NONBONDED TABLE SIZE: 769 POINTS
Info: ABSOLUTE IMPRECISION IN FAST TABLE ENERGY: 2.53117e-21 AT 11.9974
Info: RELATIVE IMPRECISION IN FAST TABLE ENERGY: 1.68907e-16 AT 11.9974
Info: INCONSISTENCY IN FAST TABLE ENERGY VS FORCE: 0.000290274 AT 0.251946
Info: ABSOLUTE IMPRECISION IN VDWA TABLE ENERGY: 9.6778e-33 AT 11.9974
Info: RELATIVE IMPRECISION IN VDWA TABLE ENERGY: 3.71539e-17 AT 11.9974
Info: INCONSISTENCY IN VDWA TABLE ENERGY VS FORCE: 0.0040507 AT 0.251946
Info: ABSOLUTE IMPRECISION IN VDWB TABLE ENERGY: 9.34011e-27 AT 11.9974
Info: RELATIVE IMPRECISION IN VDWB TABLE ENERGY: 2.98256e-17 AT 11.9974
Info: INCONSISTENCY IN VDWB TABLE ENERGY VS FORCE: 0.00150189 AT 0.251946
Info: Startup phase 2 took 0.0169911 s, 989.008 MB of memory in use
Info: Startup phase 3 took 0.00010705 s, 989.008 MB of memory in use
Info: Startup phase 4 took 0.000274897 s, 989.008 MB of memory in use
Info: Startup phase 5 took 7.89165e-05 s, 989.008 MB of memory in use
Info: ORIGINAL ATOMS MINMAX IS -35.4663 22.8836 0.333884  49.8303 114.292 112.897
Info: ADJUSTED ATOMS MINMAX IS -28.6708 31.1794 29.2651  38.7597 103.316 97.1575
Info: PATCH GRID IS 4 BY 4 BY 4
Info: PATCH GRID IS 1-AWAY BY 1-AWAY BY 1-AWAY
Info: REMOVING COM VELOCITY -0.00216713 0.000928449 0.0318685
Info: LARGEST PATCH (0) HAS 807 ATOMS
Info: TORUS A SIZE 12 USING 0
Info: TORUS B SIZE 1 USING 0
Info: TORUS C SIZE 1 USING 0
Info: TORUS MINIMAL MESH SIZE IS 1 BY 1 BY 1
Info: Placed 100% of base nodes on same physical node as patch
Info: Startup phase 6 took 0.017472 s, 989.008 MB of memory in use
Info: Startup phase 7 took 0.00010705 s, 989.008 MB of memory in use
Info: Startup phase 8 took 0.000422001 s, 989.008 MB of memory in use
LDB: Central LB being created...
Info: Startup phase 9 took 0.000561953 s, 989.008 MB of memory in use
Info: CREATING 532 COMPUTE OBJECTS
Info: useSync: 0 useProxySync: 0
Info: Startup phase 10 took 0.00678515 s, 989.008 MB of memory in use
Info: Startup phase 11 took 0.000118971 s, 989.008 MB of memory in use
Info: Startup phase 12 took 0.000120878 s, 989.008 MB of memory in use
Info: Finished startup at 9.40195 s, 989.008 MB of memory in use

TCL: Running for 0 steps
REASSIGNING VELOCITIES AT STEP 0 TO 303.15 KELVIN.
ETITLE:      TS           BOND          ANGLE          DIHED          IMPRP               ELECT            VDW       BOUNDARY           MISC        KINETIC               TOTAL           TEMP      POTENTIAL         TOTAL3        TEMPAVG

ENERGY:       0         0.0000         0.0000         0.0000         0.0000          -1158.0691       -95.2637         0.0000         0.0000         0.0000          -1253.3328         0.0000     -1253.3328     -1253.3328         0.0000

PAIR INTERACTION: STEP: 0 VDW_FORCE:        -40.4513       175.8071      -121.2283 ELECT_FORCE:         43.7234      -179.6708       121.1683
OPENING EXTENDED SYSTEM TRAJECTORY FILE
WRITING EXTENDED SYSTEM TO OUTPUT FILE AT STEP 0
CLOSING EXTENDED SYSTEM TRAJECTORY FILE
WRITING COORDINATES TO OUTPUT FILE AT STEP 0
COORDINATE DCD FILE pair_int.dcd WAS NOT CREATED
The last position output (seq=-2) takes 0.052 seconds, 989.008 MB of memory in use
WRITING VELOCITIES TO OUTPUT FILE AT STEP 0
The last velocity output (seq=-2) takes 0.221 seconds, 989.008 MB of memory in use
====================================================

WallClock: 9.733724  CPUTime: 9.163029  Memory: 989.007812 MB
[Partition 0][Node 0] End of program
